<?xml version="1.0" encoding="UTF-8"?>
<testng-results skipped="0" failed="0" ignored="0" total="1" passed="1">
  <reporter-output>
  </reporter-output>
  <suite name="Default suite" duration-ms="22764" started-at="2020-01-07T21:45:43Z" finished-at="2020-01-07T21:46:06Z">
    <groups>
    </groups>
    <test name="Default test" duration-ms="22764" started-at="2020-01-07T21:45:43Z" finished-at="2020-01-07T21:46:06Z">
      <class name="Selenium4.Selenium4.WindowTest">
        <test-method status="PASS" signature="initializerDrive()[pri:0, instance:Selenium4.Selenium4.WindowTest@6093dd95]" name="initializerDrive" is-config="true" duration-ms="14047" started-at="2020-01-07T21:45:43Z" finished-at="2020-01-07T21:45:57Z">
          <reporter-output>
          </reporter-output>
        </test-method> <!-- initializerDrive -->
        <test-method status="PASS" signature="openNewWindow()[pri:0, instance:Selenium4.Selenium4.WindowTest@6093dd95]" name="openNewWindow" duration-ms="8654" started-at="2020-01-07T21:45:57Z" finished-at="2020-01-07T21:46:06Z">
          <reporter-output>
          </reporter-output>
        </test-method> <!-- openNewWindow -->
      </class> <!-- Selenium4.Selenium4.WindowTest -->
    </test> <!-- Default test -->
  </suite> <!-- Default suite -->
</testng-results>
